\BOOKMARK [1][-]{section.1}{Introduction}{}% 1
\BOOKMARK [2][-]{subsection.1.1}{Purpose}{section.1}% 2
\BOOKMARK [2][-]{subsection.1.2}{Actual System}{section.1}% 3
\BOOKMARK [2][-]{subsection.1.3}{Scope}{section.1}% 4
\BOOKMARK [2][-]{subsection.1.4}{Goals}{section.1}% 5
\BOOKMARK [2][-]{subsection.1.5}{Definition and Acronyms}{section.1}% 6
\BOOKMARK [3][-]{subsubsection.1.5.1}{Definitions}{subsection.1.5}% 7
\BOOKMARK [3][-]{subsubsection.1.5.2}{Acronyms}{subsection.1.5}% 8
\BOOKMARK [2][-]{subsection.1.6}{Actors}{section.1}% 9
\BOOKMARK [2][-]{subsection.1.7}{References}{section.1}% 10
\BOOKMARK [2][-]{subsection.1.8}{Overview}{section.1}% 11
\BOOKMARK [1][-]{section.2}{Overall description}{}% 12
\BOOKMARK [2][-]{subsection.2.1}{Product perspective}{section.2}% 13
\BOOKMARK [3][-]{subsubsection.2.1.1}{User Interfaces}{subsection.2.1}% 14
\BOOKMARK [3][-]{subsubsection.2.1.2}{Hardware Interfaces}{subsection.2.1}% 15
\BOOKMARK [2][-]{subsection.2.2}{User characteristics}{section.2}% 16
\BOOKMARK [2][-]{subsection.2.3}{Assumptions and dependencies}{section.2}% 17
\BOOKMARK [3][-]{subsubsection.2.3.1}{Domain Assumptions}{subsection.2.3}% 18
\BOOKMARK [1][-]{section.3}{Specific requirements}{}% 19
\BOOKMARK [2][-]{subsection.3.1}{Functional Requirements}{section.3}% 20
\BOOKMARK [2][-]{subsection.3.2}{Non functional requirements}{section.3}% 21
\BOOKMARK [2][-]{subsection.3.3}{The world and the machine}{section.3}% 22
\BOOKMARK [2][-]{subsection.3.4}{Scenarios}{section.3}% 23
\BOOKMARK [3][-]{subsubsection.3.4.1}{Scenario 1}{subsection.3.4}% 24
\BOOKMARK [3][-]{subsubsection.3.4.2}{Scenario 2}{subsection.3.4}% 25
\BOOKMARK [3][-]{subsubsection.3.4.3}{Scenario 3}{subsection.3.4}% 26
\BOOKMARK [3][-]{subsubsection.3.4.4}{Scenario 4}{subsection.3.4}% 27
\BOOKMARK [3][-]{subsubsection.3.4.5}{Scenario 5}{subsection.3.4}% 28
\BOOKMARK [3][-]{subsubsection.3.4.6}{Scenario 6}{subsection.3.4}% 29
\BOOKMARK [3][-]{subsubsection.3.4.7}{Scenario 7}{subsection.3.4}% 30
\BOOKMARK [3][-]{subsubsection.3.4.8}{Scenario 8}{subsection.3.4}% 31
\BOOKMARK [2][-]{subsection.3.5}{Use cases}{section.3}% 32
\BOOKMARK [3][-]{subsubsection.3.5.1}{Request a taxi}{subsection.3.5}% 33
\BOOKMARK [3][-]{subsubsection.3.5.2}{Reserve a taxi}{subsection.3.5}% 34
\BOOKMARK [3][-]{subsubsection.3.5.3}{Cancel a reservation}{subsection.3.5}% 35
\BOOKMARK [3][-]{subsubsection.3.5.4}{Cancel a request}{subsection.3.5}% 36
\BOOKMARK [3][-]{subsubsection.3.5.5}{Registration}{subsection.3.5}% 37
\BOOKMARK [3][-]{subsubsection.3.5.6}{Login}{subsection.3.5}% 38
\BOOKMARK [3][-]{subsubsection.3.5.7}{Logout}{subsection.3.5}% 39
\BOOKMARK [3][-]{subsubsection.3.5.8}{Search for ETA}{subsection.3.5}% 40
\BOOKMARK [3][-]{subsubsection.3.5.9}{Modify taxi driver}{subsection.3.5}% 41
\BOOKMARK [3][-]{subsubsection.3.5.10}{Add taxi driver}{subsection.3.5}% 42
\BOOKMARK [3][-]{subsubsection.3.5.11}{Delete taxi driver}{subsection.3.5}% 43
\BOOKMARK [2][-]{subsection.3.6}{Class Diagram}{section.3}% 44
\BOOKMARK [1][-]{section.4}{Alloy}{}% 45
\BOOKMARK [2][-]{subsection.4.1}{Model}{section.4}% 46
\BOOKMARK [2][-]{subsection.4.2}{Result}{section.4}% 47
\BOOKMARK [2][-]{subsection.4.3}{Worlds Generated}{section.4}% 48
\BOOKMARK [1][-]{section.5}{Appendix}{}% 49
